c:\users\user\desktop\ti4\main\main\debug\main.obj
c:\users\user\desktop\ti4\main\main\debug\text.obj
c:\users\user\desktop\ti4\main\main\debug\vc110.pdb
c:\users\user\desktop\ti4\main\debug\main.ilk
c:\users\user\desktop\ti4\main\debug\main.exe
c:\users\user\desktop\ti4\main\debug\main.pdb
c:\users\maksf\desktop\laaab\lab-3-done\lab-3\main\debug\vc142.pdb
c:\users\maksf\desktop\laaab\lab-3-done\lab-3\main\debug\vc142.idb
c:\users\maksf\desktop\laaab\lab-3-done\lab-3\main\debug\main.obj
c:\users\maksf\desktop\laaab\lab-3-done\lab-3\debug\main.ilk
c:\users\maksf\desktop\laaab\lab-3-done\lab-3\debug\main.exe
c:\users\maksf\desktop\laaab\lab-3-done\lab-3\debug\main.pdb
c:\users\maksf\desktop\laaab\lab-3-done\lab-3\main\debug\text.obj
c:\users\maksf\desktop\laaab\lab-3-done\lab-3\main\debug\cl.command.1.tlog
c:\users\maksf\desktop\laaab\lab-3-done\lab-3\main\debug\cl.read.1.tlog
c:\users\maksf\desktop\laaab\lab-3-done\lab-3\main\debug\cl.write.1.tlog
c:\users\maksf\desktop\laaab\lab-3-done\lab-3\main\debug\link-cvtres.read.1.tlog
c:\users\maksf\desktop\laaab\lab-3-done\lab-3\main\debug\link-cvtres.write.1.tlog
c:\users\maksf\desktop\laaab\lab-3-done\lab-3\main\debug\link-rc.read.1.tlog
c:\users\maksf\desktop\laaab\lab-3-done\lab-3\main\debug\link-rc.write.1.tlog
c:\users\maksf\desktop\laaab\lab-3-done\lab-3\main\debug\link.10512-cvtres.read.1.tlog
c:\users\maksf\desktop\laaab\lab-3-done\lab-3\main\debug\link.10512-cvtres.write.1.tlog
c:\users\maksf\desktop\laaab\lab-3-done\lab-3\main\debug\link.10512-rc.read.1.tlog
c:\users\maksf\desktop\laaab\lab-3-done\lab-3\main\debug\link.10512-rc.write.1.tlog
c:\users\maksf\desktop\laaab\lab-3-done\lab-3\main\debug\link.10512.read.1.tlog
c:\users\maksf\desktop\laaab\lab-3-done\lab-3\main\debug\link.10512.write.1.tlog
c:\users\maksf\desktop\laaab\lab-3-done\lab-3\main\debug\link.10640-cvtres.read.1.tlog
c:\users\maksf\desktop\laaab\lab-3-done\lab-3\main\debug\link.10640-cvtres.write.1.tlog
c:\users\maksf\desktop\laaab\lab-3-done\lab-3\main\debug\link.10640-rc.read.1.tlog
c:\users\maksf\desktop\laaab\lab-3-done\lab-3\main\debug\link.10640-rc.write.1.tlog
c:\users\maksf\desktop\laaab\lab-3-done\lab-3\main\debug\link.10640.read.1.tlog
c:\users\maksf\desktop\laaab\lab-3-done\lab-3\main\debug\link.10640.write.1.tlog
c:\users\maksf\desktop\laaab\lab-3-done\lab-3\main\debug\link.11100-cvtres.read.1.tlog
c:\users\maksf\desktop\laaab\lab-3-done\lab-3\main\debug\link.11100-cvtres.write.1.tlog
c:\users\maksf\desktop\laaab\lab-3-done\lab-3\main\debug\link.11100-rc.read.1.tlog
c:\users\maksf\desktop\laaab\lab-3-done\lab-3\main\debug\link.11100-rc.write.1.tlog
c:\users\maksf\desktop\laaab\lab-3-done\lab-3\main\debug\link.11100.read.1.tlog
c:\users\maksf\desktop\laaab\lab-3-done\lab-3\main\debug\link.11100.write.1.tlog
c:\users\maksf\desktop\laaab\lab-3-done\lab-3\main\debug\link.11172-cvtres.read.1.tlog
c:\users\maksf\desktop\laaab\lab-3-done\lab-3\main\debug\link.11172-cvtres.write.1.tlog
c:\users\maksf\desktop\laaab\lab-3-done\lab-3\main\debug\link.11172-rc.read.1.tlog
c:\users\maksf\desktop\laaab\lab-3-done\lab-3\main\debug\link.11172-rc.write.1.tlog
c:\users\maksf\desktop\laaab\lab-3-done\lab-3\main\debug\link.11172.read.1.tlog
c:\users\maksf\desktop\laaab\lab-3-done\lab-3\main\debug\link.11172.write.1.tlog
c:\users\maksf\desktop\laaab\lab-3-done\lab-3\main\debug\link.12300-cvtres.read.1.tlog
c:\users\maksf\desktop\laaab\lab-3-done\lab-3\main\debug\link.12300-cvtres.write.1.tlog
c:\users\maksf\desktop\laaab\lab-3-done\lab-3\main\debug\link.12300-rc.read.1.tlog
c:\users\maksf\desktop\laaab\lab-3-done\lab-3\main\debug\link.12300-rc.write.1.tlog
c:\users\maksf\desktop\laaab\lab-3-done\lab-3\main\debug\link.12300.read.1.tlog
c:\users\maksf\desktop\laaab\lab-3-done\lab-3\main\debug\link.12300.write.1.tlog
c:\users\maksf\desktop\laaab\lab-3-done\lab-3\main\debug\link.13112-cvtres.read.1.tlog
c:\users\maksf\desktop\laaab\lab-3-done\lab-3\main\debug\link.13112-cvtres.write.1.tlog
c:\users\maksf\desktop\laaab\lab-3-done\lab-3\main\debug\link.13112-rc.read.1.tlog
c:\users\maksf\desktop\laaab\lab-3-done\lab-3\main\debug\link.13112-rc.write.1.tlog
c:\users\maksf\desktop\laaab\lab-3-done\lab-3\main\debug\link.13112.read.1.tlog
c:\users\maksf\desktop\laaab\lab-3-done\lab-3\main\debug\link.13112.write.1.tlog
c:\users\maksf\desktop\laaab\lab-3-done\lab-3\main\debug\link.13476-cvtres.read.1.tlog
c:\users\maksf\desktop\laaab\lab-3-done\lab-3\main\debug\link.13476-cvtres.write.1.tlog
c:\users\maksf\desktop\laaab\lab-3-done\lab-3\main\debug\link.13476-rc.read.1.tlog
c:\users\maksf\desktop\laaab\lab-3-done\lab-3\main\debug\link.13476-rc.write.1.tlog
c:\users\maksf\desktop\laaab\lab-3-done\lab-3\main\debug\link.13476.read.1.tlog
c:\users\maksf\desktop\laaab\lab-3-done\lab-3\main\debug\link.13476.write.1.tlog
c:\users\maksf\desktop\laaab\lab-3-done\lab-3\main\debug\link.1348-cvtres.read.1.tlog
c:\users\maksf\desktop\laaab\lab-3-done\lab-3\main\debug\link.1348-cvtres.write.1.tlog
c:\users\maksf\desktop\laaab\lab-3-done\lab-3\main\debug\link.1348-rc.read.1.tlog
c:\users\maksf\desktop\laaab\lab-3-done\lab-3\main\debug\link.1348-rc.write.1.tlog
c:\users\maksf\desktop\laaab\lab-3-done\lab-3\main\debug\link.1348.read.1.tlog
c:\users\maksf\desktop\laaab\lab-3-done\lab-3\main\debug\link.1348.write.1.tlog
c:\users\maksf\desktop\laaab\lab-3-done\lab-3\main\debug\link.13604-cvtres.read.1.tlog
c:\users\maksf\desktop\laaab\lab-3-done\lab-3\main\debug\link.13604-cvtres.write.1.tlog
c:\users\maksf\desktop\laaab\lab-3-done\lab-3\main\debug\link.13604-rc.read.1.tlog
c:\users\maksf\desktop\laaab\lab-3-done\lab-3\main\debug\link.13604-rc.write.1.tlog
c:\users\maksf\desktop\laaab\lab-3-done\lab-3\main\debug\link.13604.read.1.tlog
c:\users\maksf\desktop\laaab\lab-3-done\lab-3\main\debug\link.13604.write.1.tlog
c:\users\maksf\desktop\laaab\lab-3-done\lab-3\main\debug\link.13956-cvtres.read.1.tlog
c:\users\maksf\desktop\laaab\lab-3-done\lab-3\main\debug\link.13956-cvtres.write.1.tlog
c:\users\maksf\desktop\laaab\lab-3-done\lab-3\main\debug\link.13956-rc.read.1.tlog
c:\users\maksf\desktop\laaab\lab-3-done\lab-3\main\debug\link.13956-rc.write.1.tlog
c:\users\maksf\desktop\laaab\lab-3-done\lab-3\main\debug\link.13956.read.1.tlog
c:\users\maksf\desktop\laaab\lab-3-done\lab-3\main\debug\link.13956.write.1.tlog
c:\users\maksf\desktop\laaab\lab-3-done\lab-3\main\debug\link.15496-cvtres.read.1.tlog
c:\users\maksf\desktop\laaab\lab-3-done\lab-3\main\debug\link.15496-cvtres.write.1.tlog
c:\users\maksf\desktop\laaab\lab-3-done\lab-3\main\debug\link.15496-rc.read.1.tlog
c:\users\maksf\desktop\laaab\lab-3-done\lab-3\main\debug\link.15496-rc.write.1.tlog
c:\users\maksf\desktop\laaab\lab-3-done\lab-3\main\debug\link.15496.read.1.tlog
c:\users\maksf\desktop\laaab\lab-3-done\lab-3\main\debug\link.15496.write.1.tlog
c:\users\maksf\desktop\laaab\lab-3-done\lab-3\main\debug\link.15508-cvtres.read.1.tlog
c:\users\maksf\desktop\laaab\lab-3-done\lab-3\main\debug\link.15508-cvtres.write.1.tlog
c:\users\maksf\desktop\laaab\lab-3-done\lab-3\main\debug\link.15508-rc.read.1.tlog
c:\users\maksf\desktop\laaab\lab-3-done\lab-3\main\debug\link.15508-rc.write.1.tlog
c:\users\maksf\desktop\laaab\lab-3-done\lab-3\main\debug\link.15508.read.1.tlog
c:\users\maksf\desktop\laaab\lab-3-done\lab-3\main\debug\link.15508.write.1.tlog
c:\users\maksf\desktop\laaab\lab-3-done\lab-3\main\debug\link.16068-cvtres.read.1.tlog
c:\users\maksf\desktop\laaab\lab-3-done\lab-3\main\debug\link.16068-cvtres.write.1.tlog
c:\users\maksf\desktop\laaab\lab-3-done\lab-3\main\debug\link.16068-rc.read.1.tlog
c:\users\maksf\desktop\laaab\lab-3-done\lab-3\main\debug\link.16068-rc.write.1.tlog
c:\users\maksf\desktop\laaab\lab-3-done\lab-3\main\debug\link.16068.read.1.tlog
c:\users\maksf\desktop\laaab\lab-3-done\lab-3\main\debug\link.16068.write.1.tlog
c:\users\maksf\desktop\laaab\lab-3-done\lab-3\main\debug\link.16260-cvtres.read.1.tlog
c:\users\maksf\desktop\laaab\lab-3-done\lab-3\main\debug\link.16260-cvtres.write.1.tlog
c:\users\maksf\desktop\laaab\lab-3-done\lab-3\main\debug\link.16260-rc.read.1.tlog
c:\users\maksf\desktop\laaab\lab-3-done\lab-3\main\debug\link.16260-rc.write.1.tlog
c:\users\maksf\desktop\laaab\lab-3-done\lab-3\main\debug\link.16260.read.1.tlog
c:\users\maksf\desktop\laaab\lab-3-done\lab-3\main\debug\link.16260.write.1.tlog
c:\users\maksf\desktop\laaab\lab-3-done\lab-3\main\debug\link.1660-cvtres.read.1.tlog
c:\users\maksf\desktop\laaab\lab-3-done\lab-3\main\debug\link.1660-cvtres.write.1.tlog
c:\users\maksf\desktop\laaab\lab-3-done\lab-3\main\debug\link.1660-rc.read.1.tlog
c:\users\maksf\desktop\laaab\lab-3-done\lab-3\main\debug\link.1660-rc.write.1.tlog
c:\users\maksf\desktop\laaab\lab-3-done\lab-3\main\debug\link.1660.read.1.tlog
c:\users\maksf\desktop\laaab\lab-3-done\lab-3\main\debug\link.1660.write.1.tlog
c:\users\maksf\desktop\laaab\lab-3-done\lab-3\main\debug\link.17164-cvtres.read.1.tlog
c:\users\maksf\desktop\laaab\lab-3-done\lab-3\main\debug\link.17164-cvtres.write.1.tlog
c:\users\maksf\desktop\laaab\lab-3-done\lab-3\main\debug\link.17164-rc.read.1.tlog
c:\users\maksf\desktop\laaab\lab-3-done\lab-3\main\debug\link.17164-rc.write.1.tlog
c:\users\maksf\desktop\laaab\lab-3-done\lab-3\main\debug\link.17164.read.1.tlog
c:\users\maksf\desktop\laaab\lab-3-done\lab-3\main\debug\link.17164.write.1.tlog
c:\users\maksf\desktop\laaab\lab-3-done\lab-3\main\debug\link.17432-cvtres.read.1.tlog
c:\users\maksf\desktop\laaab\lab-3-done\lab-3\main\debug\link.17432-cvtres.write.1.tlog
c:\users\maksf\desktop\laaab\lab-3-done\lab-3\main\debug\link.17432-rc.read.1.tlog
c:\users\maksf\desktop\laaab\lab-3-done\lab-3\main\debug\link.17432-rc.write.1.tlog
c:\users\maksf\desktop\laaab\lab-3-done\lab-3\main\debug\link.17432.read.1.tlog
c:\users\maksf\desktop\laaab\lab-3-done\lab-3\main\debug\link.17432.write.1.tlog
c:\users\maksf\desktop\laaab\lab-3-done\lab-3\main\debug\link.18180-cvtres.read.1.tlog
c:\users\maksf\desktop\laaab\lab-3-done\lab-3\main\debug\link.18180-cvtres.write.1.tlog
c:\users\maksf\desktop\laaab\lab-3-done\lab-3\main\debug\link.18180-rc.read.1.tlog
c:\users\maksf\desktop\laaab\lab-3-done\lab-3\main\debug\link.18180-rc.write.1.tlog
c:\users\maksf\desktop\laaab\lab-3-done\lab-3\main\debug\link.18180.read.1.tlog
c:\users\maksf\desktop\laaab\lab-3-done\lab-3\main\debug\link.18180.write.1.tlog
c:\users\maksf\desktop\laaab\lab-3-done\lab-3\main\debug\link.18200-cvtres.read.1.tlog
c:\users\maksf\desktop\laaab\lab-3-done\lab-3\main\debug\link.18200-cvtres.write.1.tlog
c:\users\maksf\desktop\laaab\lab-3-done\lab-3\main\debug\link.18200-rc.read.1.tlog
c:\users\maksf\desktop\laaab\lab-3-done\lab-3\main\debug\link.18200-rc.write.1.tlog
c:\users\maksf\desktop\laaab\lab-3-done\lab-3\main\debug\link.18200.read.1.tlog
c:\users\maksf\desktop\laaab\lab-3-done\lab-3\main\debug\link.18200.write.1.tlog
c:\users\maksf\desktop\laaab\lab-3-done\lab-3\main\debug\link.21476-cvtres.read.1.tlog
c:\users\maksf\desktop\laaab\lab-3-done\lab-3\main\debug\link.21476-cvtres.write.1.tlog
c:\users\maksf\desktop\laaab\lab-3-done\lab-3\main\debug\link.21476-rc.read.1.tlog
c:\users\maksf\desktop\laaab\lab-3-done\lab-3\main\debug\link.21476-rc.write.1.tlog
c:\users\maksf\desktop\laaab\lab-3-done\lab-3\main\debug\link.21476.read.1.tlog
c:\users\maksf\desktop\laaab\lab-3-done\lab-3\main\debug\link.21476.write.1.tlog
c:\users\maksf\desktop\laaab\lab-3-done\lab-3\main\debug\link.2444-cvtres.read.1.tlog
c:\users\maksf\desktop\laaab\lab-3-done\lab-3\main\debug\link.2444-cvtres.write.1.tlog
c:\users\maksf\desktop\laaab\lab-3-done\lab-3\main\debug\link.2444-rc.read.1.tlog
c:\users\maksf\desktop\laaab\lab-3-done\lab-3\main\debug\link.2444-rc.write.1.tlog
c:\users\maksf\desktop\laaab\lab-3-done\lab-3\main\debug\link.2444.read.1.tlog
c:\users\maksf\desktop\laaab\lab-3-done\lab-3\main\debug\link.2444.write.1.tlog
c:\users\maksf\desktop\laaab\lab-3-done\lab-3\main\debug\link.2472-cvtres.read.1.tlog
c:\users\maksf\desktop\laaab\lab-3-done\lab-3\main\debug\link.2472-cvtres.write.1.tlog
c:\users\maksf\desktop\laaab\lab-3-done\lab-3\main\debug\link.2472-rc.read.1.tlog
c:\users\maksf\desktop\laaab\lab-3-done\lab-3\main\debug\link.2472-rc.write.1.tlog
c:\users\maksf\desktop\laaab\lab-3-done\lab-3\main\debug\link.2472.read.1.tlog
c:\users\maksf\desktop\laaab\lab-3-done\lab-3\main\debug\link.2472.write.1.tlog
c:\users\maksf\desktop\laaab\lab-3-done\lab-3\main\debug\link.3308-cvtres.read.1.tlog
c:\users\maksf\desktop\laaab\lab-3-done\lab-3\main\debug\link.3308-cvtres.write.1.tlog
c:\users\maksf\desktop\laaab\lab-3-done\lab-3\main\debug\link.3308-rc.read.1.tlog
c:\users\maksf\desktop\laaab\lab-3-done\lab-3\main\debug\link.3308-rc.write.1.tlog
c:\users\maksf\desktop\laaab\lab-3-done\lab-3\main\debug\link.3308.read.1.tlog
c:\users\maksf\desktop\laaab\lab-3-done\lab-3\main\debug\link.3308.write.1.tlog
c:\users\maksf\desktop\laaab\lab-3-done\lab-3\main\debug\link.3780-cvtres.read.1.tlog
c:\users\maksf\desktop\laaab\lab-3-done\lab-3\main\debug\link.3780-cvtres.write.1.tlog
c:\users\maksf\desktop\laaab\lab-3-done\lab-3\main\debug\link.3780-rc.read.1.tlog
c:\users\maksf\desktop\laaab\lab-3-done\lab-3\main\debug\link.3780-rc.write.1.tlog
c:\users\maksf\desktop\laaab\lab-3-done\lab-3\main\debug\link.3780.read.1.tlog
c:\users\maksf\desktop\laaab\lab-3-done\lab-3\main\debug\link.3780.write.1.tlog
c:\users\maksf\desktop\laaab\lab-3-done\lab-3\main\debug\link.4260-cvtres.read.1.tlog
c:\users\maksf\desktop\laaab\lab-3-done\lab-3\main\debug\link.4260-cvtres.write.1.tlog
c:\users\maksf\desktop\laaab\lab-3-done\lab-3\main\debug\link.4260-rc.read.1.tlog
c:\users\maksf\desktop\laaab\lab-3-done\lab-3\main\debug\link.4260-rc.write.1.tlog
c:\users\maksf\desktop\laaab\lab-3-done\lab-3\main\debug\link.4260.read.1.tlog
c:\users\maksf\desktop\laaab\lab-3-done\lab-3\main\debug\link.4260.write.1.tlog
c:\users\maksf\desktop\laaab\lab-3-done\lab-3\main\debug\link.5528-cvtres.read.1.tlog
c:\users\maksf\desktop\laaab\lab-3-done\lab-3\main\debug\link.5528-cvtres.write.1.tlog
c:\users\maksf\desktop\laaab\lab-3-done\lab-3\main\debug\link.5528-rc.read.1.tlog
c:\users\maksf\desktop\laaab\lab-3-done\lab-3\main\debug\link.5528-rc.write.1.tlog
c:\users\maksf\desktop\laaab\lab-3-done\lab-3\main\debug\link.5528.read.1.tlog
c:\users\maksf\desktop\laaab\lab-3-done\lab-3\main\debug\link.5528.write.1.tlog
c:\users\maksf\desktop\laaab\lab-3-done\lab-3\main\debug\link.5584-cvtres.read.1.tlog
c:\users\maksf\desktop\laaab\lab-3-done\lab-3\main\debug\link.5584-cvtres.write.1.tlog
c:\users\maksf\desktop\laaab\lab-3-done\lab-3\main\debug\link.5584-rc.read.1.tlog
c:\users\maksf\desktop\laaab\lab-3-done\lab-3\main\debug\link.5584-rc.write.1.tlog
c:\users\maksf\desktop\laaab\lab-3-done\lab-3\main\debug\link.5584.read.1.tlog
c:\users\maksf\desktop\laaab\lab-3-done\lab-3\main\debug\link.5584.write.1.tlog
c:\users\maksf\desktop\laaab\lab-3-done\lab-3\main\debug\link.6236-cvtres.read.1.tlog
c:\users\maksf\desktop\laaab\lab-3-done\lab-3\main\debug\link.6236-cvtres.write.1.tlog
c:\users\maksf\desktop\laaab\lab-3-done\lab-3\main\debug\link.6236-rc.read.1.tlog
c:\users\maksf\desktop\laaab\lab-3-done\lab-3\main\debug\link.6236-rc.write.1.tlog
c:\users\maksf\desktop\laaab\lab-3-done\lab-3\main\debug\link.6236.read.1.tlog
c:\users\maksf\desktop\laaab\lab-3-done\lab-3\main\debug\link.6236.write.1.tlog
c:\users\maksf\desktop\laaab\lab-3-done\lab-3\main\debug\link.6808-cvtres.read.1.tlog
c:\users\maksf\desktop\laaab\lab-3-done\lab-3\main\debug\link.6808-cvtres.write.1.tlog
c:\users\maksf\desktop\laaab\lab-3-done\lab-3\main\debug\link.6808-rc.read.1.tlog
c:\users\maksf\desktop\laaab\lab-3-done\lab-3\main\debug\link.6808-rc.write.1.tlog
c:\users\maksf\desktop\laaab\lab-3-done\lab-3\main\debug\link.6808.read.1.tlog
c:\users\maksf\desktop\laaab\lab-3-done\lab-3\main\debug\link.6808.write.1.tlog
c:\users\maksf\desktop\laaab\lab-3-done\lab-3\main\debug\link.7172-cvtres.read.1.tlog
c:\users\maksf\desktop\laaab\lab-3-done\lab-3\main\debug\link.7172-cvtres.write.1.tlog
c:\users\maksf\desktop\laaab\lab-3-done\lab-3\main\debug\link.7172-rc.read.1.tlog
c:\users\maksf\desktop\laaab\lab-3-done\lab-3\main\debug\link.7172-rc.write.1.tlog
c:\users\maksf\desktop\laaab\lab-3-done\lab-3\main\debug\link.7172.read.1.tlog
c:\users\maksf\desktop\laaab\lab-3-done\lab-3\main\debug\link.7172.write.1.tlog
c:\users\maksf\desktop\laaab\lab-3-done\lab-3\main\debug\link.8084-cvtres.read.1.tlog
c:\users\maksf\desktop\laaab\lab-3-done\lab-3\main\debug\link.8084-cvtres.write.1.tlog
c:\users\maksf\desktop\laaab\lab-3-done\lab-3\main\debug\link.8084-rc.read.1.tlog
c:\users\maksf\desktop\laaab\lab-3-done\lab-3\main\debug\link.8084-rc.write.1.tlog
c:\users\maksf\desktop\laaab\lab-3-done\lab-3\main\debug\link.8084.read.1.tlog
c:\users\maksf\desktop\laaab\lab-3-done\lab-3\main\debug\link.8084.write.1.tlog
c:\users\maksf\desktop\laaab\lab-3-done\lab-3\main\debug\link.856-cvtres.read.1.tlog
c:\users\maksf\desktop\laaab\lab-3-done\lab-3\main\debug\link.856-cvtres.write.1.tlog
c:\users\maksf\desktop\laaab\lab-3-done\lab-3\main\debug\link.856-rc.read.1.tlog
c:\users\maksf\desktop\laaab\lab-3-done\lab-3\main\debug\link.856-rc.write.1.tlog
c:\users\maksf\desktop\laaab\lab-3-done\lab-3\main\debug\link.856.read.1.tlog
c:\users\maksf\desktop\laaab\lab-3-done\lab-3\main\debug\link.856.write.1.tlog
c:\users\maksf\desktop\laaab\lab-3-done\lab-3\main\debug\link.8592-cvtres.read.1.tlog
c:\users\maksf\desktop\laaab\lab-3-done\lab-3\main\debug\link.8592-cvtres.write.1.tlog
c:\users\maksf\desktop\laaab\lab-3-done\lab-3\main\debug\link.8592-rc.read.1.tlog
c:\users\maksf\desktop\laaab\lab-3-done\lab-3\main\debug\link.8592-rc.write.1.tlog
c:\users\maksf\desktop\laaab\lab-3-done\lab-3\main\debug\link.8592.read.1.tlog
c:\users\maksf\desktop\laaab\lab-3-done\lab-3\main\debug\link.8592.write.1.tlog
c:\users\maksf\desktop\laaab\lab-3-done\lab-3\main\debug\link.8860-cvtres.read.1.tlog
c:\users\maksf\desktop\laaab\lab-3-done\lab-3\main\debug\link.8860-cvtres.write.1.tlog
c:\users\maksf\desktop\laaab\lab-3-done\lab-3\main\debug\link.8860-rc.read.1.tlog
c:\users\maksf\desktop\laaab\lab-3-done\lab-3\main\debug\link.8860-rc.write.1.tlog
c:\users\maksf\desktop\laaab\lab-3-done\lab-3\main\debug\link.8860.read.1.tlog
c:\users\maksf\desktop\laaab\lab-3-done\lab-3\main\debug\link.8860.write.1.tlog
c:\users\maksf\desktop\laaab\lab-3-done\lab-3\main\debug\link.9656-cvtres.read.1.tlog
c:\users\maksf\desktop\laaab\lab-3-done\lab-3\main\debug\link.9656-cvtres.write.1.tlog
c:\users\maksf\desktop\laaab\lab-3-done\lab-3\main\debug\link.9656-rc.read.1.tlog
c:\users\maksf\desktop\laaab\lab-3-done\lab-3\main\debug\link.9656-rc.write.1.tlog
c:\users\maksf\desktop\laaab\lab-3-done\lab-3\main\debug\link.9656.read.1.tlog
c:\users\maksf\desktop\laaab\lab-3-done\lab-3\main\debug\link.9656.write.1.tlog
c:\users\maksf\desktop\laaab\lab-3-done\lab-3\main\debug\link.command.1.tlog
c:\users\maksf\desktop\laaab\lab-3-done\lab-3\main\debug\link.read.1.tlog
c:\users\maksf\desktop\laaab\lab-3-done\lab-3\main\debug\link.write.1.tlog
c:\users\maksf\desktop\laaab\lab-3-done\lab-3\main\debug\vc110.idb
c:\users\maksf\desktop\laaab\lab-3-done\lab-3\main\debug\vc141.idb
c:\users\maksf\desktop\laaab\lab-3-done\lab-3\main\debug\vc110.pdb
c:\users\maksf\desktop\laaab\lab-3-done\lab-3\main\debug\vc141.pdb
c:\users\maksf\desktop\laaab\lab-3-done\lab-3\main\debug\main.tlog\cl.command.1.tlog
c:\users\maksf\desktop\laaab\lab-3-done\lab-3\main\debug\main.tlog\cl.read.1.tlog
c:\users\maksf\desktop\laaab\lab-3-done\lab-3\main\debug\main.tlog\cl.write.1.tlog
c:\users\maksf\desktop\laaab\lab-3-done\lab-3\main\debug\main.tlog\link.command.1.tlog
c:\users\maksf\desktop\laaab\lab-3-done\lab-3\main\debug\main.tlog\link.delete.1.tlog
c:\users\maksf\desktop\laaab\lab-3-done\lab-3\main\debug\main.tlog\link.read.1.tlog
c:\users\maksf\desktop\laaab\lab-3-done\lab-3\main\debug\main.tlog\link.write.1.tlog
